Log file open, 03/11/18 17:37:44
LogWindows: Failed to load 'aqProf.dll' (GetLastError=126)
LogWindows: File 'aqProf.dll' does not exist
LogWindows: Failed to load 'VSPerf140.dll' (GetLastError=126)
LogWindows: File 'VSPerf140.dll' does not exist
LogWindows: Failed to load 'VtuneApi.dll' (GetLastError=126)
LogWindows: File 'VtuneApi.dll' does not exist
LogWindows: Failed to load 'VtuneApi32e.dll' (GetLastError=126)
LogWindows: File 'VtuneApi32e.dll' does not exist
LogInit: Display: Running engine for game: Horror
LogPlatformFile: Not using cached read wrapper
LogInit: Display: RandInit(-380318021) SRandInit(-380318021).
LogInit: Read version file with build ID '3709383'
LogInit: Overriding engine version to CL 3832480, compatible CL 3709383
LogInit: Registered custom module enumerator with build ID '3709383'
LogTaskGraph: Started task graph with 5 named threads and 8 total threads with 3 sets of task threads.
LogStats: Stats thread started at 0.211384
LogD3D11RHI: Aftermath initialized
LogModuleManager: Display: Found up-to-date module file ../../../Engine/Plugins/2D/Paper2D/Binaries/Win64/UE4Editor-Paper2D.dll (API version 3709383).
LogModuleManager: Display: Found up-to-date module file ../../../Engine/Plugins/2D/Paper2D/Binaries/Win64/UE4Editor-Paper2DEditor.dll (API version 3709383).
LogModuleManager: Display: Found up-to-date module file ../../../Engine/Plugins/2D/Paper2D/Binaries/Win64/UE4Editor-PaperSpriteSheetImporter.dll (API version 3709383).
LogModuleManager: Display: Found up-to-date module file ../../../Engine/Plugins/2D/Paper2D/Binaries/Win64/UE4Editor-PaperTiledImporter.dll (API version 3709383).
LogModuleManager: Display: Found up-to-date module file ../../../Engine/Plugins/2D/Paper2D/Binaries/Win64/UE4Editor-SmartSnapping.dll (API version 3709383).
LogModuleManager: Display: Found up-to-date module file ../../../Engine/Plugins/Blendables/LightPropagationVolume/Binaries/Win64/UE4Editor-LightPropagationVolumeRuntime.dll (API version 3709383).
LogModuleManager: Display: Found up-to-date module file ../../../Engine/Plugins/Blendables/LightPropagationVolume/Binaries/Win64/UE4Editor-LightPropagationVolumeEditor.dll (API version 3709383).
LogModuleManager: Display: Found up-to-date module file ../../../Engine/Plugins/Developer/GitSourceControl/Binaries/Win64/UE4Editor-GitSourceControl.dll (API version 3709383).
LogModuleManager: Display: Found up-to-date module file ../../../Engine/Plugins/Developer/PerforceSourceControl/Binaries/Win64/UE4Editor-PerforceSourceControl.dll (API version 3709383).
LogModuleManager: Display: Found up-to-date module file ../../../Engine/Plugins/Developer/SubversionSourceControl/Binaries/Win64/UE4Editor-SubversionSourceControl.dll (API version 3709383).
LogModuleManager: Display: Found up-to-date module file ../../../Engine/Plugins/Developer/UObjectPlugin/Binaries/Win64/UE4Editor-UObjectPlugin.dll (API version 3709383).
LogModuleManager: Display: Found up-to-date module file ../../../Engine/Plugins/Developer/VisualStudioCodeSourceCodeAccess/Binaries/Win64/UE4Editor-VisualStudioCodeSourceCodeAccess.dll (API version 3709383).
LogModuleManager: Display: Found up-to-date module file ../../../Engine/Plugins/Developer/VisualStudioSourceCodeAccess/Binaries/Win64/UE4Editor-VisualStudioSourceCodeAccess.dll (API version 3709383).
LogModuleManager: Display: Found up-to-date module file ../../../Engine/Plugins/Editor/AssetManagerEditor/Binaries/Win64/UE4Editor-AssetManagerEditor.dll (API version 3709383).
LogModuleManager: Display: Found up-to-date module file ../../../Engine/Plugins/Editor/AudioCapture/Binaries/Win64/UE4Editor-AudioCapture.dll (API version 3709383).
LogModuleManager: Display: Found up-to-date module file ../../../Engine/Plugins/Editor/FacialAnimation/Binaries/Win64/UE4Editor-FacialAnimation.dll (API version 3709383).
LogModuleManager: Display: Found up-to-date module file ../../../Engine/Plugins/Editor/FacialAnimation/Binaries/Win64/UE4Editor-FacialAnimationEditor.dll (API version 3709383).
LogModuleManager: Display: Found up-to-date module file ../../../Engine/Plugins/Editor/GameplayTagsEditor/Binaries/Win64/UE4Editor-GameplayTagsEditor.dll (API version 3709383).
LogModuleManager: Display: Found up-to-date module file ../../../Engine/Plugins/Editor/MobileLauncherProfileWizard/Binaries/Win64/UE4Editor-MobileLauncherProfileWizard.dll (API version 3709383).
LogModuleManager: Display: Found up-to-date module file ../../../Engine/Plugins/Editor/PluginBrowser/Binaries/Win64/UE4Editor-PluginBrowser.dll (API version 3709383).
LogModuleManager: Display: Found up-to-date module file ../../../Engine/Plugins/Editor/SpeedTreeImporter/Binaries/Win64/UE4Editor-SpeedTreeImporter.dll (API version 3709383).
LogModuleManager: Display: Found up-to-date module file ../../../Engine/Plugins/Experimental/AlembicImporter/Binaries/Win64/UE4Editor-AlembicImporter.dll (API version 3709383).
LogModuleManager: Display: Found up-to-date module file ../../../Engine/Plugins/Experimental/AlembicImporter/Binaries/Win64/UE4Editor-AlembicLibrary.dll (API version 3709383).
LogModuleManager: Display: Found up-to-date module file ../../../Engine/Plugins/Experimental/CharacterAI/Binaries/Win64/UE4Editor-CharacterAI.dll (API version 3709383).
LogModuleManager: Display: Found up-to-date module file ../../../Engine/Plugins/Experimental/HTML5Networking/Binaries/Win64/UE4Editor-HTML5Networking.dll (API version 3709383).
LogModuleManager: Display: Found up-to-date module file ../../../Engine/Plugins/Media/AndroidMedia/Binaries/Win64/UE4Editor-AndroidMediaEditor.dll (API version 3709383).
LogModuleManager: Display: Found up-to-date module file ../../../Engine/Plugins/Media/AndroidMedia/Binaries/Win64/UE4Editor-AndroidMediaFactory.dll (API version 3709383).
LogModuleManager: Display: Found up-to-date module file ../../../Engine/Plugins/Media/AvfMedia/Binaries/Win64/UE4Editor-AvfMediaEditor.dll (API version 3709383).
LogModuleManager: Display: Found up-to-date module file ../../../Engine/Plugins/Media/AvfMedia/Binaries/Win64/UE4Editor-AvfMediaFactory.dll (API version 3709383).
LogModuleManager: Display: Found up-to-date module file ../../../Engine/Plugins/Media/AvfMedia/Binaries/Win64/UE4Editor-AvfMediaFactory.dll (API version 3709383).
LogModuleManager: Display: Found up-to-date module file ../../../Engine/Plugins/Media/ImgMedia/Binaries/Win64/UE4Editor-ImgMedia.dll (API version 3709383).
LogModuleManager: Display: Found up-to-date module file ../../../Engine/Plugins/Media/ImgMedia/Binaries/Win64/UE4Editor-ImgMediaEditor.dll (API version 3709383).
LogModuleManager: Display: Found up-to-date module file ../../../Engine/Plugins/Media/ImgMedia/Binaries/Win64/UE4Editor-ImgMediaFactory.dll (API version 3709383).
LogModuleManager: Display: Found up-to-date module file ../../../Engine/Plugins/Media/ImgMedia/Binaries/Win64/UE4Editor-ImgMediaFactory.dll (API version 3709383).
LogModuleManager: Display: Found up-to-date module file ../../../Engine/Plugins/Media/ImgMedia/Binaries/Win64/UE4Editor-OpenExrWrapper.dll (API version 3709383).
LogModuleManager: Display: Found up-to-date module file ../../../Engine/Plugins/Media/MediaCompositing/Binaries/Win64/UE4Editor-MediaCompositing.dll (API version 3709383).
LogModuleManager: Display: Found up-to-date module file ../../../Engine/Plugins/Media/MediaCompositing/Binaries/Win64/UE4Editor-MediaCompositingEditor.dll (API version 3709383).
LogModuleManager: Display: Found up-to-date module file ../../../Engine/Plugins/Media/MediaPlayerEditor/Binaries/Win64/UE4Editor-MediaPlayerEditor.dll (API version 3709383).
LogModuleManager: Display: Found up-to-date module file ../../../Engine/Plugins/Media/WmfMedia/Binaries/Win64/UE4Editor-WmfMedia.dll (API version 3709383).
LogModuleManager: Display: Found up-to-date module file ../../../Engine/Plugins/Media/WmfMedia/Binaries/Win64/UE4Editor-WmfMediaEditor.dll (API version 3709383).
LogModuleManager: Display: Found up-to-date module file ../../../Engine/Plugins/Media/WmfMedia/Binaries/Win64/UE4Editor-WmfMediaFactory.dll (API version 3709383).
LogModuleManager: Display: Found up-to-date module file ../../../Engine/Plugins/Media/WmfMedia/Binaries/Win64/UE4Editor-WmfMediaFactory.dll (API version 3709383).
LogModuleManager: Display: Found up-to-date module file ../../../Engine/Plugins/Messaging/TcpMessaging/Binaries/Win64/UE4Editor-TcpMessaging.dll (API version 3709383).
LogModuleManager: Display: Found up-to-date module file ../../../Engine/Plugins/Messaging/UdpMessaging/Binaries/Win64/UE4Editor-UdpMessaging.dll (API version 3709383).
LogModuleManager: Display: Found up-to-date module file ../../../Engine/Plugins/MovieScene/ActorSequence/Binaries/Win64/UE4Editor-ActorSequence.dll (API version 3709383).
LogModuleManager: Display: Found up-to-date module file ../../../Engine/Plugins/MovieScene/LevelSequenceEditor/Binaries/Win64/UE4Editor-LevelSequenceEditor.dll (API version 3709383).
LogModuleManager: Display: Found up-to-date module file ../../../Engine/Plugins/MovieScene/MatineeToLevelSequence/Binaries/Win64/UE4Editor-MatineeToLevelSequence.dll (API version 3709383).
LogModuleManager: Display: Found up-to-date module file ../../../Engine/Plugins/Online/OnlineSubsystem/Binaries/Win64/UE4Editor-OnlineSubsystem.dll (API version 3709383).
LogModuleManager: Display: Found up-to-date module file ../../../Engine/Plugins/Runtime/AndroidPermission/Binaries/Win64/UE4Editor-AndroidPermission.dll (API version 3709383).
LogModuleManager: Display: Found up-to-date module file ../../../Engine/Plugins/Online/OnlineSubsystemNull/Binaries/Win64/UE4Editor-OnlineSubsystemNull.dll (API version 3709383).
LogModuleManager: Display: Found up-to-date module file ../../../Engine/Plugins/Online/OnlineSubsystemUtils/Binaries/Win64/UE4Editor-OnlineSubsystemUtils.dll (API version 3709383).
LogModuleManager: Display: Found up-to-date module file ../../../Engine/Plugins/Online/OnlineSubsystemUtils/Binaries/Win64/UE4Editor-OnlineBlueprintSupport.dll (API version 3709383).
LogModuleManager: Display: Found up-to-date module file ../../../Engine/Plugins/Runtime/AndroidDeviceProfileSelector/Binaries/Win64/UE4Editor-AndroidDeviceProfileSelector.dll (API version 3709383).
LogModuleManager: Display: Found up-to-date module file ../../../Engine/Plugins/Runtime/AppleARKit/Binaries/Win64/UE4Editor-AppleARKit.dll (API version 3709383).
LogModuleManager: Display: Found up-to-date module file ../../../Engine/Plugins/Runtime/ArchVisCharacter/Binaries/Win64/UE4Editor-ArchVisCharacter.dll (API version 3709383).
LogModuleManager: Display: Found up-to-date module file ../../../Engine/Plugins/Runtime/CableComponent/Binaries/Win64/UE4Editor-CableComponent.dll (API version 3709383).
LogModuleManager: Display: Found up-to-date module file ../../../Engine/Plugins/Runtime/CustomMeshComponent/Binaries/Win64/UE4Editor-CustomMeshComponent.dll (API version 3709383).
LogModuleManager: Display: Found up-to-date module file ../../../Engine/Plugins/Runtime/ExampleDeviceProfileSelector/Binaries/Win64/UE4Editor-ExampleDeviceProfileSelector.dll (API version 3709383).
LogModuleManager: Display: Found up-to-date module file ../../../Engine/Plugins/Runtime/ImmediatePhysics/Binaries/Win64/UE4Editor-ImmediatePhysics.dll (API version 3709383).
LogModuleManager: Display: Found up-to-date module file ../../../Engine/Plugins/Runtime/ImmediatePhysics/Binaries/Win64/UE4Editor-ImmediatePhysicsEditor.dll (API version 3709383).
LogModuleManager: Display: Found up-to-date module file ../../../Engine/Plugins/Runtime/LocationServicesBPLibrary/Binaries/Win64/UE4Editor-LocationServicesBPLibrary.dll (API version 3709383).
LogModuleManager: Display: Found up-to-date module file ../../../Engine/Plugins/Runtime/MobilePatchingUtils/Binaries/Win64/UE4Editor-MobilePatchingUtils.dll (API version 3709383).
LogModuleManager: Display: Found up-to-date module file ../../../Engine/Plugins/Runtime/Oculus/OculusVR/Binaries/Win64/UE4Editor-OculusHMD.dll (API version 3709383).
LogModuleManager: Display: Found up-to-date module file ../../../Engine/Plugins/Runtime/Oculus/OculusVR/Binaries/Win64/UE4Editor-OculusInput.dll (API version 3709383).
LogModuleManager: Display: Found up-to-date module file ../../../Engine/Plugins/Runtime/Oculus/OculusVR/Binaries/Win64/UE4Editor-OculusEditor.dll (API version 3709383).
LogModuleManager: Display: Found up-to-date module file ../../../Engine/Plugins/Runtime/PhysXVehicles/Binaries/Win64/UE4Editor-PhysXVehicles.dll (API version 3709383).
LogModuleManager: Display: Found up-to-date module file ../../../Engine/Plugins/Runtime/PhysXVehicles/Binaries/Win64/UE4Editor-PhysXVehiclesEditor.dll (API version 3709383).
LogModuleManager: Display: Found up-to-date module file ../../../Engine/Plugins/Runtime/ProceduralMeshComponent/Binaries/Win64/UE4Editor-ProceduralMeshComponent.dll (API version 3709383).
LogModuleManager: Display: Found up-to-date module file ../../../Engine/Plugins/Runtime/ProceduralMeshComponent/Binaries/Win64/UE4Editor-ProceduralMeshComponentEditor.dll (API version 3709383).
LogModuleManager: Display: Found up-to-date module file ../../../Engine/Plugins/Runtime/RuntimePhysXCooking/Binaries/Win64/UE4Editor-RuntimePhysXCooking.dll (API version 3709383).
LogModuleManager: Display: Found up-to-date module file ../../../Engine/Plugins/Runtime/Steam/SteamVR/Binaries/Win64/UE4Editor-SteamVR.dll (API version 3709383).
LogModuleManager: Display: Found up-to-date module file ../../../Engine/Plugins/Runtime/Steam/SteamVR/Binaries/Win64/UE4Editor-SteamVRController.dll (API version 3709383).
LogModuleManager: Display: Found up-to-date module file ../../../Engine/Plugins/Runtime/WindowsMoviePlayer/Binaries/Win64/UE4Editor-WindowsMoviePlayer.dll (API version 3709383).
LogPluginManager: Mounting plugin Paper2D
LogPluginManager: Mounting plugin LightPropagationVolume
LogPluginManager: Mounting plugin CodeLiteSourceCodeAccess
LogPluginManager: Mounting plugin GitSourceControl
LogPluginManager: Mounting plugin KDevelopSourceCodeAccess
LogPluginManager: Mounting plugin NullSourceCodeAccess
LogPluginManager: Mounting plugin PerforceSourceControl
LogPluginManager: Mounting plugin SubversionSourceControl
LogPluginManager: Mounting plugin UObjectPlugin
LogPluginManager: Mounting plugin VisualStudioCodeSourceCodeAccess
LogPluginManager: Mounting plugin VisualStudioSourceCodeAccess
LogPluginManager: Mounting plugin XCodeSourceCodeAccess
LogPluginManager: Mounting plugin AssetManagerEditor
LogPluginManager: Mounting plugin AudioCapture
LogPluginManager: Mounting plugin FacialAnimation
LogPluginManager: Mounting plugin GameplayTagsEditor
LogPluginManager: Mounting plugin MobileLauncherProfileWizard
LogPluginManager: Mounting plugin PluginBrowser
LogPluginManager: Mounting plugin SpeedTreeImporter
LogPluginManager: Mounting plugin AlembicImporter
LogPluginManager: Mounting plugin CharacterAI
LogPluginManager: Mounting plugin HTML5Networking
LogPluginManager: Mounting plugin AndroidMedia
LogPluginManager: Mounting plugin AvfMedia
LogPluginManager: Mounting plugin ImgMedia
LogPluginManager: Mounting plugin MediaCompositing
LogPluginManager: Mounting plugin MediaPlayerEditor
LogPluginManager: Mounting plugin WmfMedia
LogPluginManager: Mounting plugin TcpMessaging
LogPluginManager: Mounting plugin UdpMessaging
LogPluginManager: Mounting plugin ActorSequence
LogPluginManager: Mounting plugin LevelSequenceEditor
LogPluginManager: Mounting plugin MatineeToLevelSequence
LogPluginManager: Mounting plugin OnlineSubsystemGooglePlay
LogPluginManager: Mounting plugin OnlineSubsystemIOS
LogPluginManager: Mounting plugin OnlineSubsystem
LogPluginManager: Mounting plugin OnlineSubsystemNull
LogPluginManager: Mounting plugin OnlineSubsystemUtils
LogPluginManager: Mounting plugin AndroidDeviceProfileSelector
LogPluginManager: Mounting plugin AndroidMoviePlayer
LogPluginManager: Mounting plugin AndroidPermission
LogPluginManager: Mounting plugin AppleARKit
LogPluginManager: Mounting plugin AppleMoviePlayer
LogPluginManager: Mounting plugin ArchVisCharacter
LogPluginManager: Mounting plugin CableComponent
LogPluginManager: Mounting plugin CustomMeshComponent
LogPluginManager: Mounting plugin ExampleDeviceProfileSelector
LogPluginManager: Mounting plugin GoogleCloudMessaging
LogPluginManager: Mounting plugin ImmediatePhysics
LogPluginManager: Mounting plugin IOSDeviceProfileSelector
LogPluginManager: Mounting plugin LinuxDeviceProfileSelector
LogPluginManager: Mounting plugin LocationServicesBPLibrary
LogPluginManager: Mounting plugin MobilePatchingUtils
LogPluginManager: Mounting plugin OculusVR
LogPluginManager: Plugin shader directory ../../../Engine/Plugins/Runtime/Oculus/OculusVR/Shaders found
LogPluginManager: Mapping shader source directory ../../../Engine/Plugins/Runtime/Oculus/OculusVR/Shaders to virtual directory /Plugin/OculusVR
LogPluginManager: Mounting plugin PhysXVehicles
LogPluginManager: Mounting plugin ProceduralMeshComponent
LogPluginManager: Mounting plugin RuntimePhysXCooking
LogPluginManager: Mounting plugin SteamVR
LogPluginManager: Mounting plugin WindowsMoviePlayer
LogInit: Using libcurl 7.47.1
LogInit:  - built for x86_64-pc-win32
LogInit:  - supports SSL with OpenSSL/1.0.2g
LogInit:  - supports HTTP deflate (compression) using libz 1.2.8
LogInit:  - other features:
LogInit:      CURL_VERSION_SSL
LogInit:      CURL_VERSION_LIBZ
LogInit:      CURL_VERSION_IPV6
LogInit:      CURL_VERSION_ASYNCHDNS
LogInit:      CURL_VERSION_LARGEFILE
LogInit:      CURL_VERSION_IDN
LogInit:  CurlRequestOptions (configurable via config and command line):
LogInit:  - bVerifyPeer = false  - Libcurl will NOT verify peer certificate
LogInit:  - bUseHttpProxy = false  - Libcurl will NOT use HTTP proxy
LogInit:  - bDontReuseConnections = false  - Libcurl will reuse connections
LogInit:  - CertBundlePath = nullptr  - Libcurl will use whatever was configured at build time.
LogInit: Build: ++UE4+Release-4.18-CL-3832480
LogInit: Engine Version: 4.18.3-3832480+++UE4+Release-4.18
LogInit: Compatible Engine Version: 4.18.0-3709383+++UE4+Release-4.18
LogInit: Net CL: 3709383
LogDevObjectVersion: Number of dev versions registered: 16
LogDevObjectVersion:   Dev-Blueprints (B0D832E4-1F89-4F0D-ACCF-7EB736FD4AA2): 10
LogDevObjectVersion:   Dev-Build (E1C64328-A22C-4D53-A36C-8E866417BD8C): 0
LogDevObjectVersion:   Dev-Core (375EC13C-06E4-48FB-B500-84F0262A717E): 2
LogDevObjectVersion:   Dev-Editor (E4B068ED-F494-42E9-A231-DA0B2E46BB41): 20
LogDevObjectVersion:   Dev-Framework (CFFC743F-43B0-4480-9391-14DF171D2073): 30
LogDevObjectVersion:   Dev-Mobile (B02B49B5-BB20-44E9-A304-32B752E40360): 0
LogDevObjectVersion:   Dev-Networking (A4E4105C-59A1-49B5-A7C5-40C4547EDFEE): 0
LogDevObjectVersion:   Dev-Online (39C831C9-5AE6-47DC-9A44-9C173E1C8E7C): 0
LogDevObjectVersion:   Dev-Physics (78F01B33-EBEA-4F98-B9B4-84EACCB95AA2): 0
LogDevObjectVersion:   Dev-Platform (6631380F-2D4D-43E0-8009-CF276956A95A): 0
LogDevObjectVersion:   Dev-Rendering (12F88B9F-8875-4AFC-A67C-D90C383ABD29): 20
LogDevObjectVersion:   Dev-Sequencer (7B5AE74C-D270-4C10-A958-57980B212A5A): 4
LogDevObjectVersion:   Dev-VR (D7296918-1DD6-4BDD-9DE2-64A83CC13884): 0
LogDevObjectVersion:   Dev-LoadTimes (C2A15278-BFE7-4AFE-6C17-90FF531DF755): 1
LogDevObjectVersion:   Private-Geometry (6EACA3D4-40EC-4CC1-B786-8BED09428FC5): 1
LogDevObjectVersion:   Dev-AnimPhys (29E575DD-E0A3-4627-9D10-D276232CDCEA): 12
LogInit: Compiled (64-bit): Jan 12 2018 02:04:55
LogInit: Compiled with Visual C++: 19.00.24215.01
LogInit: Build Configuration: Development
LogInit: Branch Name: ++UE4+Release-4.18
LogInit: Command line: -EpicPortal 
LogInit: Base directory: A:/Workshop/UE/UE_4.18/Engine/Binaries/Win64/
LogInit: Installed Engine Build: 1
LogInit: Presizing for max 8388607 objects, including 0 objects not considered by GC, pre-allocating 0 bytes for permanent pool.
LogInit: Object subsystem initialized
[2018.03.11-10.37.46:595][  0]LogInit: Selected Device Profile: [Windows]
[2018.03.11-10.37.46:595][  0]LogInit: Applying CVar settings loaded from the selected device profile: [Windows]
[2018.03.11-10.37.46:631][  0]LogInit: Computer: DESKTOP-NVI6LAE
[2018.03.11-10.37.46:631][  0]LogInit: User: pixy
[2018.03.11-10.37.46:631][  0]LogInit: CPU Page size=4096, Cores=2
[2018.03.11-10.37.46:631][  0]LogInit: High frequency timer resolution =1.948618 MHz
[2018.03.11-10.37.46:631][  0]LogMemory: Memory total: Physical=7.9GB (8GB approx)
[2018.03.11-10.37.46:632][  0]LogMemory: Platform Memory Stats for Windows
[2018.03.11-10.37.46:632][  0]LogMemory: Process Physical Memory: 274.25 MB used, 274.25 MB peak
[2018.03.11-10.37.46:632][  0]LogMemory: Process Virtual Memory: 269.18 MB used, 269.18 MB peak
[2018.03.11-10.37.46:632][  0]LogMemory: Physical Memory: 5387.68 MB used,  2718.77 MB free, 8106.45 MB total
[2018.03.11-10.37.46:632][  0]LogMemory: Virtual Memory: 673.80 MB used,  2718.77 MB free, 134217728.00 MB total
[2018.03.11-10.37.46:891][  0]LogInit: Using OS detected language (ru-RU).
[2018.03.11-10.37.46:891][  0]LogInit: Using OS detected locale (ru-RU).
[2018.03.11-10.37.46:895][  0]LogTextLocalizationManager: No localization for 'ru-RU' exists, so 'en' will be used for the language.
[2018.03.11-10.37.46:896][  0]LogTextLocalizationManager: No localization for 'ru-RU' exists, so 'en' will be used for the locale.
[2018.03.11-10.37.47:628][  0]LogInit: Setting process to per monitor DPI aware
[2018.03.11-10.37.48:123][  0]LogD3D11RHI: D3D11 adapters:
[2018.03.11-10.37.48:215][  0]LogD3D11RHI:    0. 'NVIDIA GeForce 940M' (Feature Level 11_0)
[2018.03.11-10.37.48:215][  0]LogD3D11RHI:       2004/0/4053 MB DedicatedVideo/DedicatedSystem/SharedSystem, Outputs:1, VendorId:0x10de
[2018.03.11-10.37.48:222][  0]LogD3D11RHI:    1. 'Intel(R) HD Graphics 5500' (Feature Level 11_0)
[2018.03.11-10.37.48:222][  0]LogD3D11RHI:       128/0/4053 MB DedicatedVideo/DedicatedSystem/SharedSystem, Outputs:0, VendorId:0x8086
[2018.03.11-10.37.48:226][  0]LogD3D11RHI:    2. 'Microsoft Basic Render Driver' (Feature Level 11_0)
[2018.03.11-10.37.48:226][  0]LogD3D11RHI:       0/0/4053 MB DedicatedVideo/DedicatedSystem/SharedSystem, Outputs:0, VendorId:0x1414
[2018.03.11-10.37.48:226][  0]LogD3D11RHI: Chosen D3D11 Adapter: 0
[2018.03.11-10.37.48:238][  0]LogD3D11RHI: Creating new Direct3DDevice
[2018.03.11-10.37.48:238][  0]LogD3D11RHI:     GPU DeviceId: 0x1347 (for the marketing name, search the web for "GPU Device Id")
[2018.03.11-10.37.48:238][  0]LogWindows: EnumDisplayDevices:
[2018.03.11-10.37.48:238][  0]LogWindows:    0. 'Intel(R) HD Graphics 5500' (P:1 D:1)
[2018.03.11-10.37.48:238][  0]LogWindows:    1. 'Intel(R) HD Graphics 5500' (P:0 D:0)
[2018.03.11-10.37.48:239][  0]LogWindows:    2. 'Intel(R) HD Graphics 5500' (P:0 D:0)
[2018.03.11-10.37.48:239][  0]LogWindows: DebugString: GetVideoDriverDetailsInvalid PrimaryIsNotTheChoosenAdapter GetVideoDriverDetailsInvalid PrimaryIsNotTheChoosenAdapter GetVideoDriverDetailsInvalid PrimaryIsNotTheChoosenAdapter FoundDriverCount:0 
[2018.03.11-10.37.48:239][  0]LogD3D11RHI:     Adapter Name: NVIDIA GeForce 940M
[2018.03.11-10.37.48:239][  0]LogD3D11RHI:   Driver Version: Unknown (internal:Unknown, unified:Unknown)
[2018.03.11-10.37.48:239][  0]LogD3D11RHI:      Driver Date: Unknown
[2018.03.11-10.37.48:239][  0]LogRHI: Texture pool is 1402 MB (70% of 2004 MB)
[2018.03.11-10.37.48:288][  0]LogD3D11RHI: Async texture creation enabled
[2018.03.11-10.37.48:314][  0]LogD3D11RHI: GPU Timing Frequency: 1000.000000 (Debug: 2 2)
[2018.03.11-10.37.48:315][  0]LogShaderCompilers: Guid format shader working directory is -2 characters bigger than the processId version (../../../../../../Development/Horror/HorrorUE4/Intermediate/Shaders/WorkingDirectory/20700/).
[2018.03.11-10.37.48:316][  0]LogShaderCompilers: Cleaned the shader compiler working directory 'C:/Users/pixy/AppData/Local/Temp/UnrealShaderWorkingDir/9A117692483DFC0995D70DA0CD262186/'.
[2018.03.11-10.37.48:316][  0]LogShaderCompilers: Display: Using Local Shader Compiler.
[2018.03.11-10.37.50:267][  0]LogTemp: Display: Loaded TP AllDesktopTargetPlatform
[2018.03.11-10.37.50:351][  0]LogTemp: Display: Loaded TP MacClientTargetPlatform
[2018.03.11-10.37.50:434][  0]LogTemp: Display: Loaded TP MacNoEditorTargetPlatform
[2018.03.11-10.37.50:518][  0]LogTemp: Display: Loaded TP MacServerTargetPlatform
[2018.03.11-10.37.50:602][  0]LogTemp: Display: Loaded TP MacTargetPlatform
[2018.03.11-10.37.50:685][  0]LogTemp: Display: Loaded TP WindowsClientTargetPlatform
[2018.03.11-10.37.50:780][  0]LogTemp: Display: Loaded TP WindowsNoEditorTargetPlatform
[2018.03.11-10.37.50:866][  0]LogTemp: Display: Loaded TP WindowsServerTargetPlatform
[2018.03.11-10.37.50:936][  0]LogTemp: Display: Loaded TP WindowsTargetPlatform
[2018.03.11-10.37.51:026][  0]LogTemp: Display: Loaded TP Android_ASTCTargetPlatform
[2018.03.11-10.37.51:106][  0]LogTemp: Display: Loaded TP Android_ATCTargetPlatform
[2018.03.11-10.37.51:187][  0]LogTemp: Display: Loaded TP Android_DXTTargetPlatform
[2018.03.11-10.37.51:267][  0]LogTemp: Display: Loaded TP Android_ETC1TargetPlatform
[2018.03.11-10.37.51:347][  0]LogTemp: Display: Loaded TP Android_ETC2TargetPlatform
[2018.03.11-10.37.51:502][  0]LogTemp: Display: Loaded TP Android_MultiTargetPlatform
[2018.03.11-10.37.51:503][  0]LogTemp: Display: Loaded TP Android_PVRTCTargetPlatform
[2018.03.11-10.37.51:585][  0]LogTemp: Display: Loaded TP AndroidTargetPlatform
[2018.03.11-10.37.51:648][  0]LogTemp: Display: Loaded TP HTML5TargetPlatform
[2018.03.11-10.37.51:785][  0]LogTemp: Display: Loaded TP IOSTargetPlatform
[2018.03.11-10.37.51:833][  0]LogTemp: Display: Loaded TP TVOSTargetPlatform
[2018.03.11-10.37.51:916][  0]LogTemp: Display: Loaded TP LinuxClientTargetPlatform
[2018.03.11-10.37.52:005][  0]LogTemp: Display: Loaded TP LinuxNoEditorTargetPlatform
[2018.03.11-10.37.52:094][  0]LogTemp: Display: Loaded TP LinuxServerTargetPlatform
[2018.03.11-10.37.52:172][  0]LogTemp: Display: Loaded TP LinuxTargetPlatform
[2018.03.11-10.37.52:172][  0]LogTargetPlatformManager: Display: Building Assets For Windows
[2018.03.11-10.37.52:982][  0]LogDerivedDataCache: Display: Max Cache Size: 512 MB
[2018.03.11-10.37.53:179][  0]LogDerivedDataCache: Loaded boot cache 0.20s 78MB C:/Users/pixy/AppData/Local/UnrealEngine/4.18/DerivedDataCache/Boot.ddc.
[2018.03.11-10.37.53:179][  0]LogDerivedDataCache: Display: Loaded Boot cache: C:/Users/pixy/AppData/Local/UnrealEngine/4.18/DerivedDataCache/Boot.ddc
[2018.03.11-10.37.53:179][  0]LogDerivedDataCache: FDerivedDataBackendGraph:  Pak pak cache file ../../../../../../Development/Horror/HorrorUE4/DerivedDataCache/DDC.ddp not found, will not use a pak cache.
[2018.03.11-10.37.53:179][  0]LogDerivedDataCache: Unable to find inner node Pak for hierarchical cache Hierarchy.
[2018.03.11-10.37.53:179][  0]LogDerivedDataCache: FDerivedDataBackendGraph:  CompressedPak pak cache file ../../../../../../Development/Horror/HorrorUE4/DerivedDataCache/Compressed.ddp not found, will not use a pak cache.
[2018.03.11-10.37.53:179][  0]LogDerivedDataCache: Unable to find inner node CompressedPak for hierarchical cache Hierarchy.
[2018.03.11-10.37.53:217][  0]LogDerivedDataCache: Display: Pak cache opened for reading ../../../Engine/DerivedDataCache/Compressed.ddp.
[2018.03.11-10.37.53:230][  0]LogDerivedDataCache: Using Local data cache path C:/Users/pixy/AppData/Local/UnrealEngine/Common/DerivedDataCache: Writable
[2018.03.11-10.37.53:252][  0]LogMaterial: Verifying Global Shaders for PCD3D_SM5
[2018.03.11-10.37.53:253][  0]LogSlate: Using Freetype 2.6.0
[2018.03.11-10.37.53:254][  0]LogSlate: SlateFontCache - WITH_FREETYPE: 1, WITH_HARFBUZZ: 1
[2018.03.11-10.37.53:254][  0]LogSlate: SlateFontCache - WITH_FREETYPE: 1, WITH_HARFBUZZ: 1
[2018.03.11-10.37.53:983][  0]LogInit: Selected Device Profile: [Windows]
[2018.03.11-10.37.54:538][  0]LogSimplygon: Simplygon DLL not present - disabling.
[2018.03.11-10.37.54:599][  0]LogMeshReduction: Using SimplygonSwarm for distributed automatic mesh merging
[2018.03.11-10.37.54:599][  0]LogMeshReduction: Using QuadricMeshReduction for automatic static mesh reduction
[2018.03.11-10.37.54:599][  0]LogMeshReduction: No automatic skeletal mesh reduction module available
[2018.03.11-10.37.54:599][  0]LogMeshReduction: No automatic mesh merging module available
[2018.03.11-10.37.54:599][  0]LogMeshMerging: No automatic mesh merging module available
[2018.03.11-10.37.54:640][  0]LogNetVersion: Horror , NetCL: 3709383, EngineNetVer: 2, GameNetVer: 0 (Checksum: 305137990)
[2018.03.11-10.37.54:941][  0]LogAssetRegistry: FAssetRegistry took 0.0293 seconds to start up
[2018.03.11-10.37.55:782][  0]LogPackageLocalizationCache: Processed 7 localized package path(s) for 1 prioritized culture(s) in 0.035662 seconds
[2018.03.11-10.37.55:792][  0]LogUObjectArray: 35870 objects as part of root set at end of initial load.
[2018.03.11-10.37.55:792][  0]LogUObjectAllocator: 7363696 out of 0 bytes used by permanent object pool.
[2018.03.11-10.37.55:792][  0]LogUObjectArray: CloseDisregardForGC: 0/0 objects in disregard for GC pool
[2018.03.11-10.37.55:888][  0]LogInit: WinSock: version 1.1 (2.2), MaxSocks=32767, MaxUdp=65467
[2018.03.11-10.38.00:666][  0]LogTcpMessaging: Initializing TcpMessaging bridge
[2018.03.11-10.38.00:721][  0]LogUdpMessaging: Initializing bridge on interface 0.0.0.0:0 to multicast group 230.0.0.1:6666.
[2018.03.11-10.38.01:700][  0]LogMaterial: Uniform references updated for custom material expression Custom.
[2018.03.11-10.38.02:309][  0]SourceControl: Source control is disabled
[2018.03.11-10.38.04:169][  0]LogAndroidPermission: UAndroidPermissionCallbackProxy::GetInstance
[2018.03.11-10.38.04:513][  0]LogOcInput: OculusInput pre-init called
[2018.03.11-10.38.04:932][  0]LogEngine: Initializing Engine...
[2018.03.11-10.38.04:935][  0]LogHMD: Failed to initialize OpenVR with code 110
[2018.03.11-10.38.05:294][  0]LogStats: UGameplayTagsManager::ConstructGameplayTagTree: Construct from data asset -  0.000 s
[2018.03.11-10.38.05:327][  0]LogStats: UGameplayTagsManager::ConstructGameplayTagTree: GameplayTagTreeChangedEvent.Broadcast -  0.000 s
[2018.03.11-10.38.05:505][  0]LogAIModule: Creating AISystem for world Untitled
[2018.03.11-10.38.05:521][  0]LogInit: XAudio2 using 'Наушники (B20 Stereo)' : 2 channels at 44.1 kHz using 16 bits per sample (channel mask 0x3)
[2018.03.11-10.38.05:782][  0]LogInit: FAudioDevice initialized.
[2018.03.11-10.38.05:983][  0]LogDerivedDataCache: Saved boot cache 0.20s 78MB C:/Users/pixy/AppData/Local/UnrealEngine/4.18/DerivedDataCache/Boot.ddc.
[2018.03.11-10.38.06:005][  0]LogInit: Texture streaming: Enabled
[2018.03.11-10.38.06:162][  0]LogEngineSessionManager: EngineSessionManager initialized
[2018.03.11-10.38.06:408][  0]LogInit: Transaction tracking system initialized
[2018.03.11-10.38.06:883][  0]BlueprintLog: New page: Editor Load
[2018.03.11-10.38.08:151][  0]LocalizationService: Localization service is disabled
[2018.03.11-10.38.09:192][  0]LogConsoleResponse: Display: 
[2018.03.11-10.38.09:549][  0]LogFileCache: Scanning file cache for directory 'A:/Development/Horror/HorrorUE4/Content/' took 0.03s
[2018.03.11-10.38.09:549][  0]LogCook: Display: Max memory allowance for cook 16384mb min free memory 0mb
[2018.03.11-10.38.09:549][  0]LogCook: Display: Mobile HDR setting 1
[2018.03.11-10.38.09:549][  0]LogGameplayTags: Display: UGameplayTagsManager::DoneAddingNativeTags. DelegateIsBound: 0
[2018.03.11-10.38.11:249][  0]Cmd: MAP LOAD FILE="../../../../../../Development/Horror/HorrorUE4/Content/FirstPersonBP/Maps/FirstPersonExampleMap.umap" TEMPLATE=0 SHOWPROGRESS=1 FEATURELEVEL=3
[2018.03.11-10.38.11:266][  0]LightingResults: New page: Lighting Build
[2018.03.11-10.38.11:329][  0]MapCheck: New page: Map Check
[2018.03.11-10.38.11:329][  0]LightingResults: New page: Lighting Build
[2018.03.11-10.38.16:042][  0]LogAIModule: Creating AISystem for world FirstPersonExampleMap
[2018.03.11-10.38.16:583][  0]LogEditorServer: Finished looking for orphan Actors (0.000 secs)
[2018.03.11-10.38.16:625][  0]Cmd: MAP CHECKDEP NOCLEARLOG
[2018.03.11-10.38.16:697][  0]MapCheck: Map check complete: 0 Error(s), 0 Warning(s), took 70.909ms to complete.
[2018.03.11-10.38.16:697][  0]LogFileHelpers: Loading map 'FirstPersonExampleMap' took 5.448
[2018.03.11-10.38.18:641][  0]LogCollectionManager: Loaded 0 collections in 0.002022 seconds
[2018.03.11-10.38.18:967][  0]LogFileCache: Scanning file cache for directory 'A:/Development/Horror/HorrorUE4/Saved/Collections/' took 0.01s
[2018.03.11-10.38.18:967][  0]LogFileCache: Scanning file cache for directory 'A:/Development/Horror/HorrorUE4/Content/Developers/pixy/Collections/' took 0.01s
[2018.03.11-10.38.18:967][  0]LogFileCache: Scanning file cache for directory 'A:/Development/Horror/HorrorUE4/Content/Collections/' took 0.01s
[2018.03.11-10.38.18:967][  0]LogCollectionManager: Rebuilt the GUID cache for 0 collections in 0.000000 seconds
[2018.03.11-10.38.19:025][  0]LogContentBrowser: Native class hierarchy populated in 0.0272 seconds. Added 2363 classes and 519 folders.
[2018.03.11-10.38.19:286][  0]LogContentBrowser: Native class hierarchy updated for 'WidgetCarousel' in 0.0004 seconds. Added 0 classes and 0 folders.
[2018.03.11-10.38.20:316][  0]LogContentBrowser: Native class hierarchy updated for 'AddContentDialog' in 0.0004 seconds. Added 0 classes and 0 folders.
[2018.03.11-10.38.20:504][  0]LogContentBrowser: Native class hierarchy updated for 'SceneOutliner' in 0.0004 seconds. Added 1 classes and 2 folders.
[2018.03.11-10.38.21:211][  0]LogSlate: Took 0.000271 seconds to synchronously load lazily loaded font '../../../Engine/Content/Slate/Fonts/Roboto-Regular.ttf' (155K)
[2018.03.11-10.38.21:266][  0]LogSlate: Took 0.000213 seconds to synchronously load lazily loaded font '../../../Engine/Content/Slate/Fonts/Roboto-Bold.ttf' (160K)
[2018.03.11-10.38.21:315][  0]LogSlate: Took 0.011666 seconds to synchronously load lazily loaded font '../../../Engine/Content/Editor/Slate/Fonts/FontAwesome.ttf' (139K)
[2018.03.11-10.38.21:920][  0]LogRenderer: Reallocating scene render targets to support 940x576 Format 9 NumSamples 1 (Frame:1).
[2018.03.11-10.38.22:878][  0]LogContentBrowser: Native class hierarchy updated for 'HierarchicalLODOutliner' in 0.0004 seconds. Added 1 classes and 2 folders.
[2018.03.11-10.38.22:878][  0]LogLoad: (Engine Initialization) Total time: 39.88 seconds
[2018.03.11-10.38.22:878][  0]LogLoad: (Engine Initialization) Total Blueprint compile time: 0.00 seconds
[2018.03.11-10.38.22:878][  0]LogExternalProfiler: No external profilers were discovered.  External profiling features will not be available.
[2018.03.11-10.38.23:307][  0]SourceControl: On branch master
[2018.03.11-10.38.23:307][  0]SourceControl: Changes not staged for commit:
[2018.03.11-10.38.23:307][  0]SourceControl:   (use "git add <file>..." to update what will be committed)
[2018.03.11-10.38.23:307][  0]SourceControl:   (use "git checkout -- <file>..." to discard changes in working directory)
[2018.03.11-10.38.23:307][  0]SourceControl: 	modified:   Saved/Config/Windows/Engine.ini
[2018.03.11-10.38.23:307][  0]SourceControl: 	modified:   Saved/Logs/Horror.log
[2018.03.11-10.38.23:307][  0]SourceControl: Untracked files:
[2018.03.11-10.38.23:307][  0]SourceControl:   (use "git add <file>..." to include in what will be committed)
[2018.03.11-10.38.23:307][  0]SourceControl: 	Saved/Config/CrashReportClient/UE4CC-Windows-B8017E3B412848751983B48E44AE910C/
[2018.03.11-10.38.23:307][  0]SourceControl: 	Saved/Logs/Horror-backup-2018.03.11-17.37.43.log
[2018.03.11-10.38.23:307][  0]SourceControl: no changes added to commit (use "git add" and/or "git commit -a")
[2018.03.11-10.38.23:308][  0]LogContentStreaming: Texture pool size now 800 MB
[2018.03.11-10.38.23:525][  0]LogRenderer: Reallocating scene render targets to support 940x592 Format 9 NumSamples 1 (Frame:2).
[2018.03.11-10.38.23:525][  0]LogSlate: Took 0.010154 seconds to synchronously load lazily loaded font '../../../Engine/Content/Slate/Fonts/Roboto-Light.ttf' (159K)
[2018.03.11-10.38.24:577][  4]LogAssetRegistry: Asset discovery search completed in 29.6580 seconds
[2018.03.11-10.38.24:580][  4]LogCollectionManager: Rebuilt the object cache for 0 collections in 0.000001 seconds (found 0 objects)
[2018.03.11-10.38.24:580][  4]LogCollectionManager: Fixed up redirectors for 0 collections in 0.000090 seconds (updated 0 objects)
[2018.03.11-10.51.49:713][235]LogD3D11RHI: Timed out while waiting for GPU to catch up. (0.5 s)
[2018.03.11-10.51.50:713][238]LogD3D11RHI: Timed out while waiting for GPU to catch up. (0.5 s)
[2018.03.11-10.52.17:063][316]LogD3D11RHI: Timed out while waiting for GPU to catch up. (0.5 s)
[2018.03.11-10.52.18:045][318]LogD3D11RHI: Timed out while waiting for GPU to catch up. (0.5 s)
[2018.03.11-10.52.19:393][321]LogD3D11RHI: Timed out while waiting for GPU to catch up. (0.5 s)
[2018.03.11-10.52.47:994][407]LogD3D11RHI: Timed out while waiting for GPU to catch up. (0.5 s)
[2018.03.11-10.52.48:495][408]LogD3D11RHI: Timed out while waiting for GPU to catch up. (0.5 s)
[2018.03.11-10.52.49:436][410]LogD3D11RHI: Timed out while waiting for GPU to catch up. (0.5 s)
[2018.03.11-10.52.52:642][419]LogD3D11RHI: Timed out while waiting for GPU to catch up. (0.5 s)
[2018.03.11-10.52.53:824][423]LogD3D11RHI: Timed out while waiting for GPU to catch up. (0.5 s)
[2018.03.11-10.53.17:520][494]LogD3D11RHI: Timed out while waiting for GPU to catch up. (0.5 s)
[2018.03.11-10.53.18:634][497]LogD3D11RHI: Timed out while waiting for GPU to catch up. (0.5 s)
[2018.03.11-10.53.20:935][504]LogD3D11RHI: Timed out while waiting for GPU to catch up. (0.5 s)
[2018.03.11-10.53.27:120][522]LogD3D11RHI: Timed out while waiting for GPU to catch up. (0.5 s)
[2018.03.11-10.53.30:457][532]LogD3D11RHI: Timed out while waiting for GPU to catch up. (0.5 s)
[2018.03.11-10.53.30:967][533]LogD3D11RHI: Timed out while waiting for GPU to catch up. (0.5 s)
[2018.03.11-10.53.31:462][534]LogD3D11RHI: Timed out while waiting for GPU to catch up. (0.5 s)
[2018.03.11-10.55.14:066][841]LogD3D11RHI: Timed out while waiting for GPU to catch up. (0.5 s)
[2018.03.11-10.55.15:419][845]LogD3D11RHI: Timed out while waiting for GPU to catch up. (0.5 s)
[2018.03.11-10.55.15:922][846]LogD3D11RHI: Timed out while waiting for GPU to catch up. (0.5 s)
[2018.03.11-10.55.19:170][856]LogD3D11RHI: Timed out while waiting for GPU to catch up. (0.5 s)
[2018.03.11-10.55.20:028][858]LogD3D11RHI: Timed out while waiting for GPU to catch up. (0.5 s)
[2018.03.11-10.55.20:527][859]LogD3D11RHI: Timed out while waiting for GPU to catch up. (0.5 s)
[2018.03.11-10.55.21:029][860]LogD3D11RHI: Timed out while waiting for GPU to catch up. (0.5 s)
[2018.03.11-10.55.21:548][861]LogD3D11RHI: Timed out while waiting for GPU to catch up. (0.5 s)
[2018.03.11-10.55.22:962][864]LogD3D11RHI: Timed out while waiting for GPU to catch up. (0.5 s)
[2018.03.11-10.55.25:067][869]LogD3D11RHI: Timed out while waiting for GPU to catch up. (0.5 s)
[2018.03.11-10.55.25:568][870]LogD3D11RHI: Timed out while waiting for GPU to catch up. (0.5 s)
[2018.03.11-10.55.26:068][871]LogD3D11RHI: Timed out while waiting for GPU to catch up. (0.5 s)
[2018.03.11-10.55.27:675][875]LogD3D11RHI: Timed out while waiting for GPU to catch up. (0.5 s)
[2018.03.11-10.55.28:174][876]LogD3D11RHI: Timed out while waiting for GPU to catch up. (0.5 s)
[2018.03.11-10.55.28:677][877]LogD3D11RHI: Timed out while waiting for GPU to catch up. (0.5 s)
[2018.03.11-10.55.29:179][878]LogD3D11RHI: Timed out while waiting for GPU to catch up. (0.5 s)
[2018.03.11-10.55.29:680][879]LogD3D11RHI: Timed out while waiting for GPU to catch up. (0.5 s)
[2018.03.11-10.55.30:186][880]LogD3D11RHI: Timed out while waiting for GPU to catch up. (0.5 s)
[2018.03.11-10.55.30:697][881]LogD3D11RHI: Timed out while waiting for GPU to catch up. (0.5 s)
[2018.03.11-10.55.37:753][902]LogD3D11RHI: Timed out while waiting for GPU to catch up. (0.5 s)
[2018.03.11-10.55.38:502][904]LogD3D11RHI: Timed out while waiting for GPU to catch up. (0.5 s)
[2018.03.11-10.55.39:007][905]LogD3D11RHI: Timed out while waiting for GPU to catch up. (0.5 s)
[2018.03.11-10.55.39:511][906]LogD3D11RHI: Timed out while waiting for GPU to catch up. (0.5 s)
[2018.03.11-10.55.40:773][909]LogD3D11RHI: Timed out while waiting for GPU to catch up. (0.5 s)
[2018.03.11-10.55.41:278][910]LogD3D11RHI: Timed out while waiting for GPU to catch up. (0.5 s)
[2018.03.11-10.55.41:777][911]LogD3D11RHI: Timed out while waiting for GPU to catch up. (0.5 s)
[2018.03.11-10.55.43:478][916]LogD3D11RHI: Timed out while waiting for GPU to catch up. (0.5 s)
[2018.03.11-10.55.43:980][917]LogD3D11RHI: Timed out while waiting for GPU to catch up. (0.5 s)
[2018.03.11-10.55.44:475][918]LogD3D11RHI: Timed out while waiting for GPU to catch up. (0.5 s)
[2018.03.11-10.55.44:992][919]LogD3D11RHI: Timed out while waiting for GPU to catch up. (0.5 s)
[2018.03.11-10.55.46:658][924]LogD3D11RHI: Timed out while waiting for GPU to catch up. (0.5 s)
[2018.03.11-10.55.47:154][925]LogD3D11RHI: Timed out while waiting for GPU to catch up. (0.5 s)
[2018.03.11-10.55.49:343][931]LogD3D11RHI: Timed out while waiting for GPU to catch up. (0.5 s)
[2018.03.11-10.55.56:934][952]LogD3D11RHI: Timed out while waiting for GPU to catch up. (0.5 s)
[2018.03.11-10.55.59:980][961]LogD3D11RHI: Timed out while waiting for GPU to catch up. (0.5 s)
[2018.03.11-10.56.00:474][962]LogD3D11RHI: Timed out while waiting for GPU to catch up. (0.5 s)
[2018.03.11-10.56.01:938][966]LogD3D11RHI: Timed out while waiting for GPU to catch up. (0.5 s)
[2018.03.11-10.56.02:906][969]LogD3D11RHI: Timed out while waiting for GPU to catch up. (0.5 s)
[2018.03.11-10.56.03:407][970]LogD3D11RHI: Timed out while waiting for GPU to catch up. (0.5 s)
[2018.03.11-10.56.03:909][971]LogD3D11RHI: Timed out while waiting for GPU to catch up. (0.5 s)
[2018.03.11-10.56.07:717][982]LogD3D11RHI: Timed out while waiting for GPU to catch up. (0.5 s)
[2018.03.11-10.56.08:206][983]LogD3D11RHI: Timed out while waiting for GPU to catch up. (0.5 s)
[2018.03.11-10.56.13:039][997]LogD3D11RHI: Timed out while waiting for GPU to catch up. (0.5 s)
[2018.03.11-10.56.31:681][ 50]LogD3D11RHI: Timed out while waiting for GPU to catch up. (0.5 s)
[2018.03.11-10.56.32:194][ 51]LogD3D11RHI: Timed out while waiting for GPU to catch up. (0.5 s)
[2018.03.11-10.57.03:871][144]LogD3D11RHI: Timed out while waiting for GPU to catch up. (0.5 s)
[2018.03.11-10.57.04:380][145]LogD3D11RHI: Timed out while waiting for GPU to catch up. (0.5 s)
[2018.03.11-10.58.21:257][367]LogD3D11RHI: Timed out while waiting for GPU to catch up. (0.5 s)
[2018.03.11-10.58.23:044][372]LogD3D11RHI: Timed out while waiting for GPU to catch up. (0.5 s)
[2018.03.11-10.58.33:681][401]LogD3D11RHI: Timed out while waiting for GPU to catch up. (0.5 s)
[2018.03.11-10.59.34:357][577]LogD3D11RHI: Timed out while waiting for GPU to catch up. (0.5 s)
[2018.03.11-10.59.43:911][605]LogD3D11RHI: Timed out while waiting for GPU to catch up. (0.5 s)
[2018.03.11-11.02.09:999][194]LogD3D11RHI: Timed out while waiting for GPU to catch up. (0.5 s)
[2018.03.11-11.02.11:051][197]LogD3D11RHI: Timed out while waiting for GPU to catch up. (0.5 s)
[2018.03.11-11.02.25:983][240]LogD3D11RHI: Timed out while waiting for GPU to catch up. (0.5 s)
[2018.03.11-11.02.31:253][256]LogD3D11RHI: Timed out while waiting for GPU to catch up. (0.5 s)
[2018.03.11-11.02.39:687][280]LogD3D11RHI: Timed out while waiting for GPU to catch up. (0.5 s)
[2018.03.11-11.02.40:190][281]LogD3D11RHI: Timed out while waiting for GPU to catch up. (0.5 s)
[2018.03.11-11.03.14:734][380]LogD3D11RHI: Timed out while waiting for GPU to catch up. (0.5 s)
[2018.03.11-11.03.22:625][398]LogD3D11RHI: Timed out while waiting for GPU to catch up. (0.5 s)
[2018.03.11-11.03.23:490][400]LogD3D11RHI: Timed out while waiting for GPU to catch up. (0.5 s)
[2018.03.11-11.03.27:928][413]LogD3D11RHI: Timed out while waiting for GPU to catch up. (0.5 s)
[2018.03.11-11.03.45:660][461]LogD3D11RHI: Timed out while waiting for GPU to catch up. (0.5 s)
[2018.03.11-11.03.57:931][495]LogD3D11RHI: Timed out while waiting for GPU to catch up. (0.5 s)
[2018.03.11-11.04.34:614][601]LogD3D11RHI: Timed out while waiting for GPU to catch up. (0.5 s)
[2018.03.11-11.25.56:853][121]Cmd: CLOSE_SLATE_MAINFRAME
[2018.03.11-11.25.57:175][121]LogWindowsTextInputMethodSystem: Display: IME system now deactivated.
[2018.03.11-11.25.58:300][122]Cmd: QUIT_EDITOR
[2018.03.11-11.25.59:100][122]LogExit: Preparing to exit.
[2018.03.11-11.26.00:003][122]LogDirectoryWatcher: A directory notification for 'A:/Development/Horror/HorrorUE4/Content/' was aborted.
[2018.03.11-11.26.00:390][122]LogExit: Editor shut down
[2018.03.11-11.26.00:401][122]LogExit: Transaction tracking system shut down
[2018.03.11-11.26.00:977][122]LogDirectoryWatcher: A directory notification for '../../../Engine/Content/' was aborted.
[2018.03.11-11.26.00:977][122]LogDirectoryWatcher: A directory notification for '../../../../../../Development/Horror/HorrorUE4/Content/' was aborted.
[2018.03.11-11.26.00:977][122]LogDirectoryWatcher: A directory notification for '../../../Engine/Plugins/2D/Paper2D/Content/' was aborted.
[2018.03.11-11.26.00:977][122]LogDirectoryWatcher: A directory notification for '../../../Engine/Plugins/Media/MediaCompositing/Content/' was aborted.
[2018.03.11-11.26.00:977][122]LogDirectoryWatcher: A directory notification for '../../../Engine/Plugins/Runtime/AppleARKit/Content/' was aborted.
[2018.03.11-11.26.00:979][122]LogDirectoryWatcher: A directory notification for '../../../Engine/Plugins/Runtime/Oculus/OculusVR/Content/' was aborted.
[2018.03.11-11.26.00:979][122]LogDirectoryWatcher: A directory notification for '../../../Engine/Plugins/Runtime/Steam/SteamVR/Content/' was aborted.
[2018.03.11-11.26.02:619][122]LogExit: Object subsystem successfully closed.
[2018.03.11-11.26.02:890][122]LogD3D11RHI: Shutdown
[2018.03.11-11.26.02:903][122]LogD3D11RHI: CleanupD3DDevice
[2018.03.11-11.26.02:947][122]LogD3D11RHI: ~FD3D11DynamicRHI
[2018.03.11-11.26.04:175][122]LogModuleManager: Shutting down and abandoning module HierarchicalLODOutliner (548)
[2018.03.11-11.26.04:175][122]LogModuleManager: Shutting down and abandoning module SceneOutliner (546)
[2018.03.11-11.26.04:183][122]LogModuleManager: Shutting down and abandoning module AddContentDialog (544)
[2018.03.11-11.26.04:224][122]LogDirectoryWatcher: A directory notification for 'A:/Workshop/UE/UE_4.18/FeaturePacks/' was aborted.
[2018.03.11-11.26.04:237][122]LogModuleManager: Shutting down and abandoning module WidgetCarousel (543)
[2018.03.11-11.26.04:237][122]LogModuleManager: Shutting down and abandoning module EditorWidgets (540)
[2018.03.11-11.26.04:237][122]LogModuleManager: Shutting down and abandoning module CollectionManager (538)
[2018.03.11-11.26.04:254][122]LogDirectoryWatcher: A directory notification for 'A:/Development/Horror/HorrorUE4/Content/Collections/' was aborted.
[2018.03.11-11.26.04:254][122]LogDirectoryWatcher: A directory notification for 'A:/Development/Horror/HorrorUE4/Content/Developers/pixy/Collections/' was aborted.
[2018.03.11-11.26.04:254][122]LogDirectoryWatcher: A directory notification for 'A:/Development/Horror/HorrorUE4/Saved/Collections/' was aborted.
[2018.03.11-11.26.04:255][122]LogModuleManager: Shutting down and abandoning module StatsViewer (536)
[2018.03.11-11.26.04:297][122]LogModuleManager: Shutting down and abandoning module FoliageEdit (534)
[2018.03.11-11.26.04:307][122]LogModuleManager: Shutting down and abandoning module LandscapeEditor (532)
[2018.03.11-11.26.04:427][122]LogModuleManager: Shutting down and abandoning module MeshPaintMode (530)
[2018.03.11-11.26.04:439][122]LogModuleManager: Shutting down and abandoning module SceneDepthPickerMode (528)
[2018.03.11-11.26.04:440][122]LogModuleManager: Shutting down and abandoning module ActorPickerMode (526)
[2018.03.11-11.26.04:440][122]LogModuleManager: Shutting down and abandoning module GeometryMode (524)
[2018.03.11-11.26.04:440][122]LogModuleManager: Shutting down and abandoning module TextureAlignMode (522)
[2018.03.11-11.26.04:440][122]LogModuleManager: Shutting down and abandoning module BspMode (520)
[2018.03.11-11.26.04:440][122]LogModuleManager: Shutting down and abandoning module PIEPreviewDeviceProfileSelector (518)
[2018.03.11-11.26.04:440][122]LogModuleManager: Shutting down and abandoning module HardwareSurvey (516)
[2018.03.11-11.26.04:440][122]LogModuleManager: Shutting down and abandoning module SequenceRecorderSections (514)
[2018.03.11-11.26.04:450][122]LogModuleManager: Shutting down and abandoning module AutomationWorker (512)
[2018.03.11-11.26.04:460][122]LogModuleManager: Shutting down and abandoning module MatineeToLevelSequence (510)
[2018.03.11-11.26.04:473][122]LogModuleManager: Shutting down and abandoning module LevelSequenceEditor (508)
[2018.03.11-11.26.04:582][122]LogModuleManager: Shutting down and abandoning module PlacementMode (507)
[2018.03.11-11.26.04:582][122]LogModuleManager: Shutting down and abandoning module WmfMediaFactory (504)
[2018.03.11-11.26.04:582][122]LogModuleManager: Shutting down and abandoning module WmfMediaEditor (502)
[2018.03.11-11.26.04:582][122]LogModuleManager: Shutting down and abandoning module OpenExrWrapper (500)
[2018.03.11-11.26.04:582][122]LogModuleManager: Shutting down and abandoning module ImgMediaFactory (498)
[2018.03.11-11.26.04:582][122]LogModuleManager: Shutting down and abandoning module ImgMediaEditor (496)
[2018.03.11-11.26.04:582][122]LogModuleManager: Shutting down and abandoning module AvfMediaFactory (494)
[2018.03.11-11.26.04:582][122]LogModuleManager: Shutting down and abandoning module AvfMediaEditor (492)
[2018.03.11-11.26.04:582][122]LogModuleManager: Shutting down and abandoning module AndroidMediaFactory (490)
[2018.03.11-11.26.04:582][122]LogModuleManager: Shutting down and abandoning module AndroidMediaEditor (488)
[2018.03.11-11.26.04:582][122]LogModuleManager: Shutting down and abandoning module CharacterAI (486)
[2018.03.11-11.26.04:582][122]LogModuleManager: Shutting down and abandoning module AudioCapture (484)
[2018.03.11-11.26.04:589][122]LogModuleManager: Shutting down and abandoning module SequenceRecorder (483)
[2018.03.11-11.26.04:622][122]LogModuleManager: Shutting down and abandoning module SmartSnapping (480)
[2018.03.11-11.26.04:622][122]LogModuleManager: Shutting down and abandoning module SessionServices (478)
[2018.03.11-11.26.04:622][122]LogModuleManager: Shutting down and abandoning module ViewportSnapping (476)
[2018.03.11-11.26.04:622][122]LogModuleManager: Shutting down and abandoning module ViewportInteraction (474)
[2018.03.11-11.26.04:622][122]LogModuleManager: Shutting down and abandoning module ClothPainter (472)
[2018.03.11-11.26.04:682][122]LogModuleManager: Shutting down and abandoning module SkeletalMeshEditor (471)
[2018.03.11-11.26.04:747][122]LogModuleManager: Shutting down and abandoning module LogVisualizer (468)
[2018.03.11-11.26.04:849][122]LogModuleManager: Shutting down and abandoning module IntroTutorials (466)
[2018.03.11-11.26.04:905][122]LogModuleManager: Shutting down and abandoning module GameProjectGeneration (465)
[2018.03.11-11.26.04:999][122]LogModuleManager: Shutting down and abandoning module IOSPlatformEditor (462)
[2018.03.11-11.26.04:999][122]LogModuleManager: Shutting down and abandoning module HTML5PlatformEditor (460)
[2018.03.11-11.26.04:999][122]LogModuleManager: Shutting down and abandoning module AndroidPlatformEditor (458)
[2018.03.11-11.26.04:999][122]LogModuleManager: Shutting down and abandoning module AndroidDeviceDetection (457)
[2018.03.11-11.26.05:262][122]LogModuleManager: Shutting down and abandoning module WindowsPlatformEditor (454)
[2018.03.11-11.26.05:262][122]LogModuleManager: Shutting down and abandoning module IOSRuntimeSettings (452)
[2018.03.11-11.26.05:262][122]LogModuleManager: Shutting down and abandoning module AndroidRuntimeSettings (450)
[2018.03.11-11.26.05:262][122]LogModuleManager: Shutting down and abandoning module InputBindingEditor (448)
[2018.03.11-11.26.05:282][122]LogModuleManager: Shutting down and abandoning module MergeActors (446)
[2018.03.11-11.26.05:293][122]LogModuleManager: Shutting down and abandoning module SizeMap (444)
[2018.03.11-11.26.05:293][122]LogModuleManager: Shutting down and abandoning module TreeMap (442)
[2018.03.11-11.26.05:323][122]LogModuleManager: Shutting down and abandoning module ReferenceViewer (440)
[2018.03.11-11.26.05:323][122]LogModuleManager: Shutting down and abandoning module LocalizationDashboard (438)
[2018.03.11-11.26.05:343][122]LogModuleManager: Shutting down and abandoning module LocalizationService (437)
[2018.03.11-11.26.05:350][122]LogModuleManager: Shutting down and abandoning module HardwareTargeting (434)
[2018.03.11-11.26.05:350][122]LogModuleManager: Shutting down and abandoning module DeviceProfileEditor (432)
[2018.03.11-11.26.05:350][122]LogModuleManager: Shutting down and abandoning module UndoHistory (430)
[2018.03.11-11.26.05:350][122]LogModuleManager: Shutting down and abandoning module XmlParser (428)
[2018.03.11-11.26.05:356][122]LogModuleManager: Shutting down and abandoning module Blutility (426)
[2018.03.11-11.26.05:357][122]LogModuleManager: Shutting down and abandoning module ProjectSettingsViewer (424)
[2018.03.11-11.26.05:357][122]LogModuleManager: Shutting down and abandoning module ProjectTargetPlatformEditor (423)
[2018.03.11-11.26.05:358][122]LogModuleManager: Shutting down and abandoning module EditorSettingsViewer (420)
[2018.03.11-11.26.05:358][122]LogModuleManager: Shutting down and abandoning module SettingsEditor (418)
[2018.03.11-11.26.05:375][122]LogModuleManager: Shutting down and abandoning module ProjectLauncher (416)
[2018.03.11-11.26.05:398][122]LogModuleManager: Shutting down and abandoning module SessionFrontend (414)
[2018.03.11-11.26.05:410][122]LogModuleManager: Shutting down and abandoning module ProfilerClient (412)
[2018.03.11-11.26.05:417][122]LogModuleManager: Shutting down and abandoning module DeviceManager (410)
[2018.03.11-11.26.05:430][122]LogModuleManager: Shutting down and abandoning module TargetDeviceServices (409)
[2018.03.11-11.26.05:483][122]LogModuleManager: Shutting down and abandoning module AutomationController (406)
[2018.03.11-11.26.05:515][122]LogModuleManager: Shutting down and abandoning module AutomationWindow (404)
[2018.03.11-11.26.05:530][122]LogModuleManager: Shutting down and abandoning module Layers (402)
[2018.03.11-11.26.05:584][122]LogModuleManager: Shutting down and abandoning module ComponentVisualizers (400)
[2018.03.11-11.26.05:585][122]LogModuleManager: Shutting down and abandoning module DetailCustomizations (398)
[2018.03.11-11.26.05:610][122]LogModuleManager: Shutting down and abandoning module PackagesDialog (396)
[2018.03.11-11.26.05:624][122]LogModuleManager: Shutting down and abandoning module Persona (394)
[2018.03.11-11.26.05:672][122]LogModuleManager: Shutting down and abandoning module AdvancedPreviewScene (393)
[2018.03.11-11.26.05:672][122]LogModuleManager: Shutting down and abandoning module AnimGraph (391)
[2018.03.11-11.26.05:672][122]LogModuleManager: Shutting down and abandoning module Kismet (388)
[2018.03.11-11.26.05:700][122]LogModuleManager: Shutting down and abandoning module ClassViewer (386)
[2018.03.11-11.26.05:700][122]LogModuleManager: Shutting down and abandoning module Toolbox (384)
[2018.03.11-11.26.05:700][122]LogModuleManager: Shutting down and abandoning module ModuleUI (382)
[2018.03.11-11.26.05:715][122]LogModuleManager: Shutting down and abandoning module MovieSceneTools (380)
[2018.03.11-11.26.05:749][122]LogModuleManager: Shutting down and abandoning module OutputLog (378)
[2018.03.11-11.26.05:761][122]LogModuleManager: Shutting down and abandoning module GammaUI (376)
[2018.03.11-11.26.05:767][122]LogModuleManager: Shutting down and abandoning module Documentation (374)
[2018.03.11-11.26.05:767][122]LogModuleManager: Shutting down and abandoning module MovieSceneTracks (372)
[2018.03.11-11.26.05:767][122]LogModuleManager: Shutting down and abandoning module MovieScene (370)
[2018.03.11-11.26.05:767][122]LogModuleManager: Shutting down and abandoning module StreamingPauseRendering (368)
[2018.03.11-11.26.05:767][122]LogModuleManager: Shutting down and abandoning module LauncherPlatform (366)
[2018.03.11-11.26.05:767][122]LogModuleManager: Shutting down and abandoning module AnalyticsET (364)
[2018.03.11-11.26.05:767][122]LogModuleManager: Shutting down and abandoning module PortalServices (362)
[2018.03.11-11.26.05:767][122]LogModuleManager: Shutting down and abandoning module PortalRpc (360)
[2018.03.11-11.26.05:767][122]LogModuleManager: Shutting down and abandoning module MessagingRpc (358)
[2018.03.11-11.26.05:767][122]LogModuleManager: Shutting down and abandoning module AIModule (356)
[2018.03.11-11.26.05:768][122]LogModuleManager: Shutting down and abandoning module GameplayDebugger (355)
[2018.03.11-11.26.05:781][122]LogModuleManager: Shutting down and abandoning module AITestSuite (353)
[2018.03.11-11.26.05:787][122]LogModuleManager: Shutting down and abandoning module DesktopPlatform (350)
[2018.03.11-11.26.05:787][122]LogModuleManager: Shutting down and abandoning module ProfilerService (348)
[2018.03.11-11.26.05:968][122]LogModuleManager: Shutting down and abandoning module TaskGraph (346)
[2018.03.11-11.26.05:988][122]LogModuleManager: Shutting down and abandoning module SteamVRController (344)
[2018.03.11-11.26.05:989][122]LogModuleManager: Shutting down and abandoning module ProceduralMeshComponentEditor (342)
[2018.03.11-11.26.05:989][122]LogModuleManager: Shutting down and abandoning module ProceduralMeshComponent (340)
[2018.03.11-11.26.05:999][122]LogModuleManager: Shutting down and abandoning module OculusInput (338)
[2018.03.11-11.26.06:007][122]LogModuleManager: Shutting down and abandoning module MobilePatchingUtils (336)
[2018.03.11-11.26.06:007][122]LogModuleManager: Shutting down and abandoning module CustomMeshComponent (334)
[2018.03.11-11.26.06:007][122]LogModuleManager: Shutting down and abandoning module CableComponent (332)
[2018.03.11-11.26.06:018][122]LogModuleManager: Shutting down and abandoning module ArchVisCharacter (330)
[2018.03.11-11.26.06:018][122]LogModuleManager: Shutting down and abandoning module AndroidPermission (328)
[2018.03.11-11.26.06:018][122]LogModuleManager: Shutting down and abandoning module ActorSequence (324)
[2018.03.11-11.26.06:018][122]LogModuleManager: Shutting down and abandoning module MediaPlayerEditor (322)
[2018.03.11-11.26.06:048][122]LogModuleManager: Shutting down and abandoning module MediaCompositingEditor (320)
[2018.03.11-11.26.06:048][122]LogModuleManager: Shutting down and abandoning module MediaCompositing (318)
[2018.03.11-11.26.06:048][122]LogModuleManager: Shutting down and abandoning module HTML5Networking (316)
[2018.03.11-11.26.06:048][122]LogModuleManager: Shutting down and abandoning module AlembicImporter (314)
[2018.03.11-11.26.06:053][122]LogModuleManager: Shutting down and abandoning module AlembicLibrary (313)
[2018.03.11-11.26.06:053][122]LogModuleManager: Shutting down and abandoning module GeometryCache (312)
[2018.03.11-11.26.06:059][122]LogModuleManager: Shutting down and abandoning module GeometryCacheEd (311)
[2018.03.11-11.26.06:059][122]LogModuleManager: Shutting down and abandoning module SpeedTreeImporter (306)
[2018.03.11-11.26.06:059][122]LogModuleManager: Shutting down and abandoning module PluginBrowser (304)
[2018.03.11-11.26.06:090][122]LogModuleManager: Shutting down and abandoning module MobileLauncherProfileWizard (302)
[2018.03.11-11.26.06:109][122]LogModuleManager: Shutting down and abandoning module VisualStudioSourceCodeAccess (300)
[2018.03.11-11.26.06:110][122]LogModuleManager: Shutting down and abandoning module VisualStudioCodeSourceCodeAccess (298)
[2018.03.11-11.26.06:110][122]LogModuleManager: Shutting down and abandoning module UObjectPlugin (296)
[2018.03.11-11.26.06:110][122]LogModuleManager: Shutting down and abandoning module SubversionSourceControl (294)
[2018.03.11-11.26.06:126][122]LogModuleManager: Shutting down and abandoning module PerforceSourceControl (292)
[2018.03.11-11.26.06:151][122]LogModuleManager: Shutting down and abandoning module GitSourceControl (290)
[2018.03.11-11.26.06:157][122]LogModuleManager: Shutting down and abandoning module SourceControl (289)
[2018.03.11-11.26.06:168][122]LogModuleManager: Shutting down and abandoning module LightPropagationVolumeEditor (286)
[2018.03.11-11.26.06:168][122]LogModuleManager: Shutting down and abandoning module PaperTiledImporter (284)
[2018.03.11-11.26.06:168][122]LogModuleManager: Shutting down and abandoning module PaperSpriteSheetImporter (282)
[2018.03.11-11.26.06:168][122]LogModuleManager: Shutting down and abandoning module Paper2DEditor (280)
[2018.03.11-11.26.06:192][122]LogModuleManager: Shutting down and abandoning module MeshPaint (279)
[2018.03.11-11.26.06:200][122]LogModuleManager: Shutting down and abandoning module LevelEditor (277)
[2018.03.11-11.26.06:206][122]LogModuleManager: Shutting down and abandoning module PixelInspectorModule (276)
[2018.03.11-11.26.06:221][122]LogModuleManager: Shutting down and abandoning module MainFrame (274)
[2018.03.11-11.26.06:236][122]LogModuleManager: Shutting down and abandoning module HotReload (273)
[2018.03.11-11.26.06:272][122]LogModuleManager: Shutting down and abandoning module RuntimePhysXCooking (268)
[2018.03.11-11.26.06:272][122]LogModuleManager: Shutting down and abandoning module PhysXVehiclesEditor (266)
[2018.03.11-11.26.06:272][122]LogModuleManager: Shutting down and abandoning module PhysXVehicles (264)
[2018.03.11-11.26.06:272][122]LogModuleManager: Shutting down and abandoning module OculusEditor (262)
[2018.03.11-11.26.06:272][122]LogModuleManager: Shutting down and abandoning module LocationServicesBPLibrary (260)
[2018.03.11-11.26.06:272][122]LogModuleManager: Shutting down and abandoning module ImmediatePhysicsEditor (258)
[2018.03.11-11.26.06:272][122]LogModuleManager: Shutting down and abandoning module ImmediatePhysics (256)
[2018.03.11-11.26.06:293][122]LogModuleManager: Shutting down and abandoning module UdpMessaging (254)
[2018.03.11-11.26.06:409][122]LogModuleManager: Shutting down and abandoning module TcpMessaging (252)
[2018.03.11-11.26.06:523][122]LogModuleManager: Shutting down and abandoning module GameplayTagsEditor (250)
[2018.03.11-11.26.06:600][122]LogModuleManager: Shutting down and abandoning module FacialAnimationEditor (248)
[2018.03.11-11.26.06:601][122]LogModuleManager: Shutting down and abandoning module FacialAnimation (246)
[2018.03.11-11.26.06:601][122]LogModuleManager: Shutting down and abandoning module AssetManagerEditor (244)
[2018.03.11-11.26.06:612][122]LogModuleManager: Shutting down and abandoning module GraphEditor (243)
[2018.03.11-11.26.06:651][122]LogModuleManager: Shutting down and abandoning module ContentBrowser (241)
[2018.03.11-11.26.06:652][122]LogModuleManager: Shutting down and abandoning module LightPropagationVolumeRuntime (238)
[2018.03.11-11.26.06:652][122]LogModuleManager: Shutting down and abandoning module Paper2D (236)
[2018.03.11-11.26.06:653][122]LogModuleManager: Shutting down and abandoning module WindowsMoviePlayer (234)
[2018.03.11-11.26.06:667][122]LogModuleManager: Shutting down and abandoning module WmfMedia (232)
[2018.03.11-11.26.06:684][122]LogModuleManager: Shutting down and abandoning module ImgMedia (230)
[2018.03.11-11.26.06:684][122]LogModuleManager: Shutting down and abandoning module PacketHandler (228)
[2018.03.11-11.26.06:684][122]LogModuleManager: Shutting down and abandoning module ClothingSystemEditor (226)
[2018.03.11-11.26.06:684][122]LogModuleManager: Shutting down and abandoning module ClothingSystemRuntime (224)
[2018.03.11-11.26.06:708][122]LogModuleManager: Shutting down and abandoning module MediaAssets (222)
[2018.03.11-11.26.06:708][122]LogModuleManager: Shutting down and abandoning module Media (221)
[2018.03.11-11.26.06:715][122]LogModuleManager: Shutting down and abandoning module Overlay (218)
[2018.03.11-11.26.06:715][122]LogModuleManager: Shutting down and abandoning module OverlayEditor (217)
[2018.03.11-11.26.06:715][122]LogModuleManager: Shutting down and abandoning module VREditor (214)
[2018.03.11-11.26.06:737][122]LogModuleManager: Shutting down and abandoning module StringTableEditor (212)
[2018.03.11-11.26.06:751][122]LogModuleManager: Shutting down and abandoning module GameplayTasksEditor (210)
[2018.03.11-11.26.06:752][122]LogModuleManager: Shutting down and abandoning module BehaviorTreeEditor (208)
[2018.03.11-11.26.06:802][122]LogModuleManager: Shutting down and abandoning module FunctionalTesting (206)
[2018.03.11-11.26.06:813][122]LogModuleManager: Shutting down and abandoning module CollisionAnalyzer (204)
[2018.03.11-11.26.06:842][122]LogModuleManager: Shutting down and abandoning module WorkspaceMenuStructure (203)
[2018.03.11-11.26.06:842][122]LogModuleManager: Shutting down and abandoning module UMG (200)
[2018.03.11-11.26.06:858][122]LogModuleManager: Shutting down and abandoning module UMGEditor (199)
[2018.03.11-11.26.06:886][122]LogModuleManager: Shutting down and abandoning module Sequencer (198)
[2018.03.11-11.26.06:925][122]LogModuleManager: Shutting down and abandoning module MessageLog (195)
[2018.03.11-11.26.06:926][122]LogModuleManager: Shutting down and abandoning module SlateReflector (190)
[2018.03.11-11.26.06:953][122]LogModuleManager: Shutting down and abandoning module Slate (188)
[2018.03.11-11.26.06:953][122]LogModuleManager: Shutting down and abandoning module EditorStyle (186)
[2018.03.11-11.26.06:969][122]LogModuleManager: Shutting down and abandoning module MRMesh (184)
[2018.03.11-11.26.06:969][122]LogModuleManager: Shutting down and abandoning module SourceCodeAccess (182)
[2018.03.11-11.26.06:969][122]LogModuleManager: Shutting down and abandoning module HeadMountedDisplay (180)
[2018.03.11-11.26.06:969][122]LogModuleManager: Shutting down and abandoning module XAudio2 (178)
[2018.03.11-11.26.06:969][122]LogModuleManager: Shutting down and abandoning module Networking (176)
[2018.03.11-11.26.06:969][122]LogModuleManager: Shutting down and abandoning module Core (172)
[2018.03.11-11.26.06:969][122]LogModuleManager: Shutting down and abandoning module LevelSequence (168)
[2018.03.11-11.26.06:990][122]LogModuleManager: Shutting down and abandoning module DirectoryWatcher (166)
[2018.03.11-11.26.06:991][122]LogModuleManager: Shutting down and abandoning module KismetCompiler (164)
[2018.03.11-11.26.06:992][122]LogModuleManager: Shutting down and abandoning module MeshUtilities (162)
[2018.03.11-11.26.07:019][122]LogModuleManager: Shutting down and abandoning module MeshMergeUtilities (161)
[2018.03.11-11.26.07:038][122]LogModuleManager: Shutting down and abandoning module MeshReductionInterface (160)
[2018.03.11-11.26.07:038][122]LogModuleManager: Shutting down and abandoning module SimplygonSwarm (159)
[2018.03.11-11.26.07:048][122]LogModuleManager: Shutting down and abandoning module SimplygonMeshReduction (157)
[2018.03.11-11.26.07:048][122]LogModuleManager: Shutting down and abandoning module QuadricMeshReduction (155)
[2018.03.11-11.26.07:061][122]LogModuleManager: Shutting down and abandoning module MaterialBaking (151)
[2018.03.11-11.26.07:066][122]LogModuleManager: Shutting down and abandoning module DerivedDataCache (148)
[2018.03.11-11.26.07:140][122]LogDerivedDataCache: Shutdown
[2018.03.11-11.26.07:141][122]LogModuleManager: Shutting down and abandoning module TargetPlatform (146)
[2018.03.11-11.26.07:141][122]LogModuleManager: Shutting down and abandoning module VulkanShaderFormat (145)
[2018.03.11-11.26.07:156][122]LogModuleManager: Shutting down and abandoning module ShaderFormatVectorVM (143)
[2018.03.11-11.26.07:166][122]LogModuleManager: Shutting down and abandoning module ShaderFormatOpenGL (141)
[2018.03.11-11.26.07:185][122]LogModuleManager: Shutting down and abandoning module ShaderFormatD3D (139)
[2018.03.11-11.26.07:201][122]LogModuleManager: Shutting down and abandoning module MetalShaderFormat (137)
[2018.03.11-11.26.07:219][122]LogModuleManager: Shutting down and abandoning module TextureFormatUncompressed (135)
[2018.03.11-11.26.07:219][122]LogModuleManager: Shutting down and abandoning module TextureFormatPVR (133)
[2018.03.11-11.26.07:219][122]LogModuleManager: Shutting down and abandoning module TextureFormatDXT (131)
[2018.03.11-11.26.07:241][122]LogModuleManager: Shutting down and abandoning module TextureFormatIntelISPCTexComp (129)
[2018.03.11-11.26.07:250][122]LogModuleManager: Shutting down and abandoning module TextureFormatASTC (127)
[2018.03.11-11.26.07:250][122]LogModuleManager: Shutting down and abandoning module ImageWrapper (126)
[2018.03.11-11.26.07:250][122]LogModuleManager: Shutting down and abandoning module TextureFormatAndroid (123)
[2018.03.11-11.26.07:250][122]LogModuleManager: Shutting down and abandoning module AudioFormatOpus (121)
[2018.03.11-11.26.07:250][122]LogModuleManager: Shutting down and abandoning module AudioFormatOgg (119)
[2018.03.11-11.26.07:250][122]LogModuleManager: Shutting down and abandoning module AudioFormatADPCM (117)
[2018.03.11-11.26.07:251][122]LogModuleManager: Shutting down and abandoning module LinuxTargetPlatform (115)
[2018.03.11-11.26.07:251][122]LogModuleManager: Shutting down and abandoning module LinuxServerTargetPlatform (113)
[2018.03.11-11.26.07:251][122]LogModuleManager: Shutting down and abandoning module LinuxNoEditorTargetPlatform (111)
[2018.03.11-11.26.07:251][122]LogModuleManager: Shutting down and abandoning module LinuxClientTargetPlatform (109)
[2018.03.11-11.26.07:251][122]LogModuleManager: Shutting down and abandoning module TVOSTargetPlatform (107)
[2018.03.11-11.26.07:251][122]LogModuleManager: Shutting down and abandoning module Messaging (105)
[2018.03.11-11.26.07:251][122]LogModuleManager: Shutting down and abandoning module IOSTargetPlatform (103)
[2018.03.11-11.26.07:251][122]LogModuleManager: Shutting down and abandoning module HTML5TargetPlatform (101)
[2018.03.11-11.26.07:251][122]LogModuleManager: Shutting down and abandoning module AndroidTargetPlatform (99)
[2018.03.11-11.26.07:251][122]LogModuleManager: Shutting down and abandoning module Android_PVRTCTargetPlatform (97)
[2018.03.11-11.26.07:251][122]LogModuleManager: Shutting down and abandoning module Android_MultiTargetPlatform (95)
[2018.03.11-11.26.07:251][122]LogModuleManager: Shutting down and abandoning module Android_ETC2TargetPlatform (93)
[2018.03.11-11.26.07:251][122]LogModuleManager: Shutting down and abandoning module Android_ETC1TargetPlatform (91)
[2018.03.11-11.26.07:251][122]LogModuleManager: Shutting down and abandoning module Android_DXTTargetPlatform (89)
[2018.03.11-11.26.07:251][122]LogModuleManager: Shutting down and abandoning module Android_ATCTargetPlatform (87)
[2018.03.11-11.26.07:251][122]LogModuleManager: Shutting down and abandoning module Android_ASTCTargetPlatform (85)
[2018.03.11-11.26.07:251][122]LogModuleManager: Shutting down and abandoning module WindowsTargetPlatform (83)
[2018.03.11-11.26.07:251][122]LogModuleManager: Shutting down and abandoning module WindowsServerTargetPlatform (81)
[2018.03.11-11.26.07:251][122]LogModuleManager: Shutting down and abandoning module WindowsNoEditorTargetPlatform (79)
[2018.03.11-11.26.07:251][122]LogModuleManager: Shutting down and abandoning module WindowsClientTargetPlatform (77)
[2018.03.11-11.26.07:251][122]LogModuleManager: Shutting down and abandoning module MacTargetPlatform (75)
[2018.03.11-11.26.07:251][122]LogModuleManager: Shutting down and abandoning module MacServerTargetPlatform (73)
[2018.03.11-11.26.07:251][122]LogModuleManager: Shutting down and abandoning module MacNoEditorTargetPlatform (71)
[2018.03.11-11.26.07:251][122]LogModuleManager: Shutting down and abandoning module MacClientTargetPlatform (69)
[2018.03.11-11.26.07:251][122]LogModuleManager: Shutting down and abandoning module AllDesktopTargetPlatform (67)
[2018.03.11-11.26.07:251][122]LogModuleManager: Shutting down and abandoning module InputCore (64)
[2018.03.11-11.26.07:251][122]LogModuleManager: Shutting down and abandoning module Settings (62)
[2018.03.11-11.26.07:252][122]LogModuleManager: Shutting down and abandoning module PhysXCooking (60)
[2018.03.11-11.26.07:252][122]LogModuleManager: Shutting down and abandoning module SteamVR (58)
[2018.03.11-11.26.07:252][122]LogModuleManager: Shutting down and abandoning module OculusHMD (56)
[2018.03.11-11.26.07:267][122]LogModuleManager: Shutting down and abandoning module ExampleDeviceProfileSelector (54)
[2018.03.11-11.26.07:267][122]LogModuleManager: Shutting down and abandoning module AppleARKit (52)
[2018.03.11-11.26.07:267][122]LogModuleManager: Shutting down and abandoning module AugmentedReality (51)
[2018.03.11-11.26.07:267][122]LogModuleManager: Shutting down and abandoning module OnlineBlueprintSupport (48)
[2018.03.11-11.26.07:267][122]LogModuleManager: Shutting down and abandoning module OnlineSubsystem (44)
[2018.03.11-11.26.07:307][122]LogModuleManager: Shutting down and abandoning module XMPP (43)
[2018.03.11-11.26.07:339][122]LogModuleManager: Shutting down and abandoning module HTTP (41)
[2018.03.11-11.26.07:339][122]LogHttp: Display: Http module shutting down, but needs to wait on 1 outstanding Http requests:
[2018.03.11-11.26.07:354][122]LogHttp: Display: 	verb=[POST] url=[https://datarouter.ol.epicgames.com/datarouter/api/v1/public/data?SessionID=%7B11ABDD27-4A24-10AD-FE2E-239A13929634%7D&AppID=UEEditor.Rocket.Release&AppVersion=4.18.3-3832480%2B%2B%2BUE4%2BRelease-4.18&UserID=1046196a43fdc779275fe5b23b33b63f%7Cb20656bea61247d2861971ef9b5a9703%7C48a2852a-6f3b-4440-ab71-93f4a2d2faae&AppEnvironment=datacollector-binary&UploadType=eteventstream] status=Processing
[2018.03.11-11.26.07:378][122]LogModuleManager: Shutting down and abandoning module SSL (40)
[2018.03.11-11.26.07:393][122]LogModuleManager: Shutting down and abandoning module AnimationModifiers (36)
[2018.03.11-11.26.07:413][122]LogModuleManager: Shutting down and abandoning module PropertyEditor (35)
[2018.03.11-11.26.07:413][122]LogModuleManager: Shutting down and abandoning module AudioEditor (32)
[2018.03.11-11.26.07:446][122]LogModuleManager: Shutting down and abandoning module TextureCompressor (30)
[2018.03.11-11.26.07:497][122]LogModuleManager: Shutting down and abandoning module ShaderCore (28)
[2018.03.11-11.26.07:497][122]LogModuleManager: Shutting down and abandoning module Landscape (26)
[2018.03.11-11.26.07:497][122]LogModuleManager: Shutting down and abandoning module SlateRHIRenderer (24)
[2018.03.11-11.26.07:516][122]LogModuleManager: Shutting down and abandoning module OpenGLDrv (22)
[2018.03.11-11.26.07:530][122]LogModuleManager: Shutting down and abandoning module D3D11RHI (20)
[2018.03.11-11.26.07:531][122]LogModuleManager: Shutting down and abandoning module AnimGraphRuntime (18)
[2018.03.11-11.26.07:553][122]LogModuleManager: Shutting down and abandoning module Renderer (16)
[2018.03.11-11.26.07:553][122]LogModuleManager: Shutting down and abandoning module Engine (14)
[2018.03.11-11.26.07:566][122]LogModuleManager: Shutting down and abandoning module CoreUObject (12)
[2018.03.11-11.26.07:566][122]LogModuleManager: Shutting down and abandoning module NetworkFile (10)
[2018.03.11-11.26.07:581][122]LogModuleManager: Shutting down and abandoning module CookedIterativeFile (8)
[2018.03.11-11.26.07:581][122]LogModuleManager: Shutting down and abandoning module StreamingFile (6)
[2018.03.11-11.26.07:593][122]LogModuleManager: Shutting down and abandoning module SandboxFile (4)
[2018.03.11-11.26.07:608][122]LogModuleManager: Shutting down and abandoning module PakFile (2)
[2018.03.11-11.26.08:159][122]LogExit: Exiting.
[2018.03.11-11.26.08:191][122]Log file closed, 03/11/18 18:26:08
